2022-03-21 08:51:28 INFO  .:69 - The execution of method loadFiles started here ...
2022-03-21 08:51:28 INFO  .:84 - The execution of method loadFiles ended here ...
2022-03-21 08:51:29 INFO  .:86 - The execution of method navigate started here ...
2022-03-21 08:51:29 ERROR .:101 - there is an exception arised during the execution of the method navigate,The Exception :java.lang.NullPointerException: Cannot invoke "org.openqa.selenium.WebDriver.get(String)" because "oBrowser" is null
2022-03-21 08:51:29 INFO  .:166 - In Test Scenario Login the method navigate execution status is :Fail
2022-03-21 08:51:29 INFO  .:32 - The execution of method login started here ...
2022-03-21 08:51:30 ERROR .:53 - there is an exception arised during the execution of the method login,The Exception :java.lang.NullPointerException: Cannot invoke "org.openqa.selenium.WebDriver.findElement(org.openqa.selenium.By)" because "oBrowser" is null
2022-03-21 08:51:30 INFO  .:166 - In Test Scenario Login the method login execution status is :Fail
2022-03-21 08:51:30 INFO  .:166 - In Test Scenario Login the method minimizeFlyOutWindow execution status is :Fail
2022-03-21 08:51:30 INFO  .:76 - The execution of method logout started here ...
2022-03-21 08:51:30 ERROR .:91 - there is an exception arised during the execution of the method logout,The Exception :java.lang.NullPointerException: Cannot invoke "org.openqa.selenium.WebDriver.findElement(org.openqa.selenium.By)" because "oBrowser" is null
2022-03-21 08:51:30 INFO  .:166 - In Test Scenario Login the method logout execution status is :Fail
2022-03-21 08:51:30 INFO  .:121 - The execution of method closeApplication started here ...
2022-03-21 08:51:30 ERROR .:127 - there is an exception arised during the execution of the method closeApplication,The Exception :java.lang.NullPointerException: Cannot invoke "org.openqa.selenium.WebDriver.quit()" because "oBrowser" is null
2022-03-21 08:51:30 INFO  .:166 - In Test Scenario Login the method closeApplication execution status is :Fail
2022-03-21 08:51:30 INFO  .:180 - +++++++++++++++++++++++++++++++
2022-03-21 08:51:31 INFO  .:86 - The execution of method navigate started here ...
2022-03-21 08:51:31 ERROR .:101 - there is an exception arised during the execution of the method navigate,The Exception :java.lang.NullPointerException: Cannot invoke "org.openqa.selenium.WebDriver.get(String)" because "oBrowser" is null
2022-03-21 08:51:31 INFO  .:166 - In Test Scenario CreateUser the method navigate execution status is :Fail
2022-03-21 08:51:31 INFO  .:32 - The execution of method login started here ...
2022-03-21 08:51:31 ERROR .:53 - there is an exception arised during the execution of the method login,The Exception :java.lang.NullPointerException: Cannot invoke "org.openqa.selenium.WebDriver.findElement(org.openqa.selenium.By)" because "oBrowser" is null
2022-03-21 08:51:31 INFO  .:166 - In Test Scenario CreateUser the method login execution status is :Fail
2022-03-21 08:51:31 INFO  .:166 - In Test Scenario CreateUser the method minimizeFlyOutWindow execution status is :Fail
2022-03-21 08:51:31 INFO  .:32 - The execution of method createUser started here ...
2022-03-21 08:51:32 ERROR .:63 - there is an exception arised during the execution of the method createUser,The Exception :java.lang.NullPointerException: Cannot invoke "org.openqa.selenium.WebDriver.findElement(org.openqa.selenium.By)" because "oBrowser" is null
2022-03-21 08:51:32 INFO  .:166 - In Test Scenario CreateUser the method createUser execution status is :Fail
2022-03-21 08:51:32 INFO  .:131 - The execution of method deleteUser started here ...
2022-03-21 08:51:32 ERROR .:150 - there is an exception arised during the execution of the method deleteUser,The Exception :java.lang.NullPointerException: Cannot invoke "org.openqa.selenium.WebDriver.findElement(org.openqa.selenium.By)" because "oBrowser" is null
2022-03-21 08:51:32 INFO  .:166 - In Test Scenario CreateUser the method deleteUser execution status is :Fail
2022-03-21 08:51:32 INFO  .:76 - The execution of method logout started here ...
2022-03-21 08:51:32 ERROR .:91 - there is an exception arised during the execution of the method logout,The Exception :java.lang.NullPointerException: Cannot invoke "org.openqa.selenium.WebDriver.findElement(org.openqa.selenium.By)" because "oBrowser" is null
2022-03-21 08:51:32 INFO  .:166 - In Test Scenario CreateUser the method logout execution status is :Fail
2022-03-21 08:51:32 INFO  .:121 - The execution of method closeApplication started here ...
2022-03-21 08:51:32 ERROR .:127 - there is an exception arised during the execution of the method closeApplication,The Exception :java.lang.NullPointerException: Cannot invoke "org.openqa.selenium.WebDriver.quit()" because "oBrowser" is null
2022-03-21 08:51:32 INFO  .:166 - In Test Scenario CreateUser the method closeApplication execution status is :Fail
2022-03-21 08:51:32 INFO  .:180 - +++++++++++++++++++++++++++++++
2022-03-21 08:51:33 INFO  .:86 - The execution of method navigate started here ...
2022-03-21 08:51:33 ERROR .:101 - there is an exception arised during the execution of the method navigate,The Exception :java.lang.NullPointerException: Cannot invoke "org.openqa.selenium.WebDriver.get(String)" because "oBrowser" is null
2022-03-21 08:51:33 INFO  .:166 - In Test Scenario ModifyUser the method navigate execution status is :Fail
2022-03-21 08:51:33 INFO  .:32 - The execution of method login started here ...
2022-03-21 08:51:33 ERROR .:53 - there is an exception arised during the execution of the method login,The Exception :java.lang.NullPointerException: Cannot invoke "org.openqa.selenium.WebDriver.findElement(org.openqa.selenium.By)" because "oBrowser" is null
2022-03-21 08:51:33 INFO  .:166 - In Test Scenario ModifyUser the method login execution status is :Fail
2022-03-21 08:51:33 INFO  .:166 - In Test Scenario ModifyUser the method minimizeFlyOutWindow execution status is :Fail
2022-03-21 08:51:33 INFO  .:32 - The execution of method createUser started here ...
2022-03-21 08:51:33 ERROR .:63 - there is an exception arised during the execution of the method createUser,The Exception :java.lang.NullPointerException: Cannot invoke "org.openqa.selenium.WebDriver.findElement(org.openqa.selenium.By)" because "oBrowser" is null
2022-03-21 08:51:33 INFO  .:166 - In Test Scenario ModifyUser the method createUser execution status is :Fail
2022-03-21 08:51:33 INFO  .:86 - The execution of method modifyUser started here ...
2022-03-21 08:51:33 ERROR .:109 - there is an exception arised during the execution of the method modifyUser,The Exception :java.lang.NullPointerException: Cannot invoke "org.openqa.selenium.WebDriver.findElement(org.openqa.selenium.By)" because "oBrowser" is null
2022-03-21 08:51:33 INFO  .:166 - In Test Scenario ModifyUser the method modifyUser execution status is :Fail
2022-03-21 08:51:34 INFO  .:131 - The execution of method deleteUser started here ...
2022-03-21 08:51:34 ERROR .:150 - there is an exception arised during the execution of the method deleteUser,The Exception :java.lang.NullPointerException: Cannot invoke "org.openqa.selenium.WebDriver.findElement(org.openqa.selenium.By)" because "oBrowser" is null
2022-03-21 08:51:34 INFO  .:166 - In Test Scenario ModifyUser the method deleteUser execution status is :Fail
2022-03-21 08:51:34 INFO  .:76 - The execution of method logout started here ...
2022-03-21 08:51:34 ERROR .:91 - there is an exception arised during the execution of the method logout,The Exception :java.lang.NullPointerException: Cannot invoke "org.openqa.selenium.WebDriver.findElement(org.openqa.selenium.By)" because "oBrowser" is null
2022-03-21 08:51:34 INFO  .:166 - In Test Scenario ModifyUser the method logout execution status is :Fail
2022-03-21 08:51:34 INFO  .:121 - The execution of method closeApplication started here ...
2022-03-21 08:51:34 ERROR .:127 - there is an exception arised during the execution of the method closeApplication,The Exception :java.lang.NullPointerException: Cannot invoke "org.openqa.selenium.WebDriver.quit()" because "oBrowser" is null
2022-03-21 08:51:34 INFO  .:166 - In Test Scenario ModifyUser the method closeApplication execution status is :Fail
2022-03-21 08:51:34 INFO  .:180 - +++++++++++++++++++++++++++++++
2022-03-21 08:51:34 INFO  .:180 - +++++++++++++++++++++++++++++++
2022-03-21 08:51:34 INFO  .:180 - +++++++++++++++++++++++++++++++
2022-03-21 08:51:34 INFO  .:180 - +++++++++++++++++++++++++++++++
2022-03-21 08:51:34 INFO  .:180 - +++++++++++++++++++++++++++++++
2022-03-21 08:51:34 INFO  .:183 - The execution of method executeTestScenarios ended here ...
2022-03-21 08:51:34 INFO  .:205 - The execution of method endAutomationSuite ended here ...
2022-03-21 08:51:34 INFO  .:208 - The execution of method endAutomationSuite ended here ...
2022-03-21 08:52:00 INFO  .:69 - The execution of method loadFiles started here ...
2022-03-21 08:52:00 INFO  .:84 - The execution of method loadFiles ended here ...
2022-03-21 08:52:02 INFO  .:86 - The execution of method navigate started here ...
2022-03-21 08:52:02 ERROR .:101 - there is an exception arised during the execution of the method navigate,The Exception :java.lang.NullPointerException: Cannot invoke "org.openqa.selenium.WebDriver.get(String)" because "oBrowser" is null
2022-03-21 08:52:02 INFO  .:166 - In Test Scenario Login the method navigate execution status is :Fail
2022-03-21 08:52:02 INFO  .:32 - The execution of method login started here ...
2022-03-21 08:52:02 ERROR .:53 - there is an exception arised during the execution of the method login,The Exception :java.lang.NullPointerException: Cannot invoke "org.openqa.selenium.WebDriver.findElement(org.openqa.selenium.By)" because "oBrowser" is null
2022-03-21 08:52:02 INFO  .:166 - In Test Scenario Login the method login execution status is :Fail
2022-03-21 08:52:02 INFO  .:166 - In Test Scenario Login the method minimizeFlyOutWindow execution status is :Fail
2022-03-21 08:52:03 INFO  .:76 - The execution of method logout started here ...
2022-03-21 08:52:03 ERROR .:91 - there is an exception arised during the execution of the method logout,The Exception :java.lang.NullPointerException: Cannot invoke "org.openqa.selenium.WebDriver.findElement(org.openqa.selenium.By)" because "oBrowser" is null
2022-03-21 08:52:03 INFO  .:166 - In Test Scenario Login the method logout execution status is :Fail
2022-03-21 08:52:03 INFO  .:121 - The execution of method closeApplication started here ...
2022-03-21 08:52:03 ERROR .:127 - there is an exception arised during the execution of the method closeApplication,The Exception :java.lang.NullPointerException: Cannot invoke "org.openqa.selenium.WebDriver.quit()" because "oBrowser" is null
2022-03-21 08:52:03 INFO  .:166 - In Test Scenario Login the method closeApplication execution status is :Fail
2022-03-21 08:52:03 INFO  .:180 - +++++++++++++++++++++++++++++++
2022-03-21 08:52:03 INFO  .:86 - The execution of method navigate started here ...
2022-03-21 08:52:03 ERROR .:101 - there is an exception arised during the execution of the method navigate,The Exception :java.lang.NullPointerException: Cannot invoke "org.openqa.selenium.WebDriver.get(String)" because "oBrowser" is null
2022-03-21 08:52:04 INFO  .:166 - In Test Scenario CreateUser the method navigate execution status is :Fail
2022-03-21 08:52:04 INFO  .:32 - The execution of method login started here ...
2022-03-21 08:52:04 ERROR .:53 - there is an exception arised during the execution of the method login,The Exception :java.lang.NullPointerException: Cannot invoke "org.openqa.selenium.WebDriver.findElement(org.openqa.selenium.By)" because "oBrowser" is null
2022-03-21 08:52:04 INFO  .:166 - In Test Scenario CreateUser the method login execution status is :Fail
2022-03-21 08:52:04 INFO  .:166 - In Test Scenario CreateUser the method minimizeFlyOutWindow execution status is :Fail
2022-03-21 08:52:04 INFO  .:32 - The execution of method createUser started here ...
2022-03-21 08:52:04 ERROR .:63 - there is an exception arised during the execution of the method createUser,The Exception :java.lang.NullPointerException: Cannot invoke "org.openqa.selenium.WebDriver.findElement(org.openqa.selenium.By)" because "oBrowser" is null
2022-03-21 08:52:04 INFO  .:166 - In Test Scenario CreateUser the method createUser execution status is :Fail
2022-03-21 08:52:05 INFO  .:131 - The execution of method deleteUser started here ...
2022-03-21 08:52:05 ERROR .:150 - there is an exception arised during the execution of the method deleteUser,The Exception :java.lang.NullPointerException: Cannot invoke "org.openqa.selenium.WebDriver.findElement(org.openqa.selenium.By)" because "oBrowser" is null
2022-03-21 08:52:05 INFO  .:166 - In Test Scenario CreateUser the method deleteUser execution status is :Fail
2022-03-21 08:52:05 INFO  .:76 - The execution of method logout started here ...
2022-03-21 08:52:05 ERROR .:91 - there is an exception arised during the execution of the method logout,The Exception :java.lang.NullPointerException: Cannot invoke "org.openqa.selenium.WebDriver.findElement(org.openqa.selenium.By)" because "oBrowser" is null
2022-03-21 08:52:05 INFO  .:166 - In Test Scenario CreateUser the method logout execution status is :Fail
2022-03-21 08:52:05 INFO  .:121 - The execution of method closeApplication started here ...
2022-03-21 08:52:05 ERROR .:127 - there is an exception arised during the execution of the method closeApplication,The Exception :java.lang.NullPointerException: Cannot invoke "org.openqa.selenium.WebDriver.quit()" because "oBrowser" is null
2022-03-21 08:52:05 INFO  .:166 - In Test Scenario CreateUser the method closeApplication execution status is :Fail
2022-03-21 08:52:05 INFO  .:180 - +++++++++++++++++++++++++++++++
2022-03-21 08:52:05 INFO  .:86 - The execution of method navigate started here ...
2022-03-21 08:52:05 ERROR .:101 - there is an exception arised during the execution of the method navigate,The Exception :java.lang.NullPointerException: Cannot invoke "org.openqa.selenium.WebDriver.get(String)" because "oBrowser" is null
2022-03-21 08:52:05 INFO  .:166 - In Test Scenario ModifyUser the method navigate execution status is :Fail
2022-03-21 08:52:05 INFO  .:32 - The execution of method login started here ...
2022-03-21 08:52:05 ERROR .:53 - there is an exception arised during the execution of the method login,The Exception :java.lang.NullPointerException: Cannot invoke "org.openqa.selenium.WebDriver.findElement(org.openqa.selenium.By)" because "oBrowser" is null
2022-03-21 08:52:05 INFO  .:166 - In Test Scenario ModifyUser the method login execution status is :Fail
2022-03-21 08:52:06 INFO  .:166 - In Test Scenario ModifyUser the method minimizeFlyOutWindow execution status is :Fail
2022-03-21 08:52:06 INFO  .:32 - The execution of method createUser started here ...
2022-03-21 08:52:06 ERROR .:63 - there is an exception arised during the execution of the method createUser,The Exception :java.lang.NullPointerException: Cannot invoke "org.openqa.selenium.WebDriver.findElement(org.openqa.selenium.By)" because "oBrowser" is null
2022-03-21 08:52:06 INFO  .:166 - In Test Scenario ModifyUser the method createUser execution status is :Fail
2022-03-21 08:52:06 INFO  .:86 - The execution of method modifyUser started here ...
2022-03-21 08:52:06 ERROR .:109 - there is an exception arised during the execution of the method modifyUser,The Exception :java.lang.NullPointerException: Cannot invoke "org.openqa.selenium.WebDriver.findElement(org.openqa.selenium.By)" because "oBrowser" is null
2022-03-21 08:52:06 INFO  .:166 - In Test Scenario ModifyUser the method modifyUser execution status is :Fail
2022-03-21 08:52:06 INFO  .:131 - The execution of method deleteUser started here ...
2022-03-21 08:52:06 ERROR .:150 - there is an exception arised during the execution of the method deleteUser,The Exception :java.lang.NullPointerException: Cannot invoke "org.openqa.selenium.WebDriver.findElement(org.openqa.selenium.By)" because "oBrowser" is null
2022-03-21 08:52:06 INFO  .:166 - In Test Scenario ModifyUser the method deleteUser execution status is :Fail
2022-03-21 08:52:06 INFO  .:76 - The execution of method logout started here ...
2022-03-21 08:52:06 ERROR .:91 - there is an exception arised during the execution of the method logout,The Exception :java.lang.NullPointerException: Cannot invoke "org.openqa.selenium.WebDriver.findElement(org.openqa.selenium.By)" because "oBrowser" is null
2022-03-21 08:52:07 INFO  .:166 - In Test Scenario ModifyUser the method logout execution status is :Fail
2022-03-21 08:52:07 INFO  .:121 - The execution of method closeApplication started here ...
2022-03-21 08:52:07 ERROR .:127 - there is an exception arised during the execution of the method closeApplication,The Exception :java.lang.NullPointerException: Cannot invoke "org.openqa.selenium.WebDriver.quit()" because "oBrowser" is null
2022-03-21 08:52:07 INFO  .:166 - In Test Scenario ModifyUser the method closeApplication execution status is :Fail
2022-03-21 08:52:07 INFO  .:180 - +++++++++++++++++++++++++++++++
2022-03-21 08:52:07 INFO  .:180 - +++++++++++++++++++++++++++++++
2022-03-21 08:52:07 INFO  .:180 - +++++++++++++++++++++++++++++++
2022-03-21 08:52:07 INFO  .:180 - +++++++++++++++++++++++++++++++
2022-03-21 08:52:07 INFO  .:180 - +++++++++++++++++++++++++++++++
2022-03-21 08:52:07 INFO  .:183 - The execution of method executeTestScenarios ended here ...
2022-03-21 08:52:07 INFO  .:205 - The execution of method endAutomationSuite ended here ...
2022-03-21 08:52:07 INFO  .:208 - The execution of method endAutomationSuite ended here ...
